Traceback (most recent call last):
  File "script.py", line 1, in <module>
    import numpy as np
ModuleNotFoundError: No module named 'numpy'
Loading Service
global phase: 2π
                                                                  »
  ancilla_0 -> 0 ─────────────────────────────────────────────────»
                                                                  »
  ancilla_1 -> 1 ─────────────────────────────────────────────────»
                 ┌────┐┌──────────────┐┌────┐┌────────┐┌───┐┌────┐»
        a_3 -> 2 ┤ √X ├┤ Rz(θ[7] + π) ├┤ √X ├┤ Rz(3π) ├┤ X ├┤ √X ├»
                 ├────┤├──────────────┤├────┤├────────┤└─┬─┘├───┬┘»
        q_3 -> 3 ┤ √X ├┤ Rz(θ[6] + π) ├┤ √X ├┤ Rz(3π) ├──■──┤ X ├─»
                 └────┘└──────────────┘└────┘└────────┘     └─┬─┘ »
  ancilla_2 -> 4 ─────────────────────────────────────────────┼───»
                 ┌────┐┌──────────────┐┌────┐┌────────┐       │   »
        a_2 -> 5 ┤ √X ├┤ Rz(θ[5] + π) ├┤ √X ├┤ Rz(3π) ├───────■───»
                 └────┘└──────────────┘└────┘└────────┘           »
  ancilla_3 -> 6 ─────────────────────────────────────────────────»
                                                                  »
  ancilla_4 -> 7 ─────────────────────────────────────────────────»
                 ┌────┐┌──────────────┐┌────┐┌────────┐           »
        q_2 -> 8 ┤ √X ├┤ Rz(θ[4] + π) ├┤ √X ├┤ Rz(3π) ├───────────»
                 └────┘└──────────────┘└────┘└────────┘           »
  ancilla_5 -> 9 ─────────────────────────────────────────────────»
                                                                  »
 ancilla_6 -> 10 ─────────────────────────────────────────────────»
                 ┌────┐┌──────────────┐┌────┐┌────────┐           »
       a_1 -> 11 ┤ √X ├┤ Rz(θ[3] + π) ├┤ √X ├┤ Rz(3π) ├───────────»
                 ├────┤├──────────────┤├────┤├────────┤           »
       q_0 -> 12 ┤ √X ├┤ Rz(θ[0] + π) ├┤ √X ├┤ Rz(3π) ├───────────»
                 ├────┤├──────────────┤├────┤├────────┤           »
       a_0 -> 13 ┤ √X ├┤ Rz(θ[1] + π) ├┤ √X ├┤ Rz(3π) ├───────────»
                 ├────┤├──────────────┤├────┤├────────┤           »
       q_1 -> 14 ┤ √X ├┤ Rz(θ[2] + π) ├┤ √X ├┤ Rz(3π) ├───────────»
                 └────┘└──────────────┘└────┘└────────┘           »
 ancilla_7 -> 15 ─────────────────────────────────────────────────»
                                                                  »
 ancilla_8 -> 16 ─────────────────────────────────────────────────»
                                                                  »
 ancilla_9 -> 17 ─────────────────────────────────────────────────»
                                                                  »
ancilla_10 -> 18 ─────────────────────────────────────────────────»
                                                                  »
ancilla_11 -> 19 ─────────────────────────────────────────────────»
                                                                  »
ancilla_12 -> 20 ─────────────────────────────────────────────────»
                                                                  »
ancilla_13 -> 21 ─────────────────────────────────────────────────»
                                                                  »
ancilla_14 -> 22 ─────────────────────────────────────────────────»
                                                                  »
ancilla_15 -> 23 ─────────────────────────────────────────────────»
                                                                  »
ancilla_16 -> 24 ─────────────────────────────────────────────────»
                                                                  »
ancilla_17 -> 25 ─────────────────────────────────────────────────»
                                                                  »
ancilla_18 -> 26 ─────────────────────────────────────────────────»
                                                                  »
«                                                                    »
«  ancilla_0 -> 0 ───────────────────────────────────────────────────»
«                                                                    »
«  ancilla_1 -> 1 ───────────────────────────────────────────────────»
«                 ┌───────────────┐      ┌────┐         ┌────────┐   »
«        a_3 -> 2 ┤ Rz(θ[15] + π) ├──────┤ √X ├─────────┤ Rz(3π) ├───»
«                 └─────┬────┬────┘┌─────┴────┴────┐    └─┬────┬─┘   »
«        q_3 -> 3 ──────┤ √X ├─────┤ Rz(θ[14] + π) ├──────┤ √X ├─────»
«                       └────┘     └───────────────┘      └────┘     »
«  ancilla_2 -> 4 ───────────────────────────────────────────────────»
«                       ┌───┐            ┌────┐     ┌───────────────┐»
«        a_2 -> 5 ──────┤ X ├────────────┤ √X ├─────┤ Rz(θ[13] + π) ├»
«                       └─┬─┘            └────┘     └───────────────┘»
«  ancilla_3 -> 6 ────────┼──────────────────────────────────────────»
«                         │                                          »
«  ancilla_4 -> 7 ────────┼──────────────────────────────────────────»
«                         │              ┌───┐            ┌────┐     »
«        q_2 -> 8 ────────■──────────────┤ X ├────────────┤ √X ├─────»
«                                        └─┬─┘            └────┘     »
«  ancilla_5 -> 9 ─────────────────────────┼─────────────────────────»
«                                          │                         »
« ancilla_6 -> 10 ─────────────────────────┼─────────────────────────»
«                                          │              ┌───┐      »
«       a_1 -> 11 ─────────────────────────■──────────────┤ X ├──────»
«                                                         └─┬─┘      »
«       q_0 -> 12 ──────────────────────────────────────────┼────────»
«                                                           │        »
«       a_0 -> 13 ──────────────────────────────────────────┼────────»
«                                                           │        »
«       q_1 -> 14 ──────────────────────────────────────────■────────»
«                                                                    »
« ancilla_7 -> 15 ───────────────────────────────────────────────────»
«                                                                    »
« ancilla_8 -> 16 ───────────────────────────────────────────────────»
«                                                                    »
« ancilla_9 -> 17 ───────────────────────────────────────────────────»
«                                                                    »
«ancilla_10 -> 18 ───────────────────────────────────────────────────»
«                                                                    »
«ancilla_11 -> 19 ───────────────────────────────────────────────────»
«                                                                    »
«ancilla_12 -> 20 ───────────────────────────────────────────────────»
«                                                                    »
«ancilla_13 -> 21 ───────────────────────────────────────────────────»
«                                                                    »
«ancilla_14 -> 22 ───────────────────────────────────────────────────»
«                                                                    »
«ancilla_15 -> 23 ───────────────────────────────────────────────────»
«                                                                    »
«ancilla_16 -> 24 ───────────────────────────────────────────────────»
«                                                                    »
«ancilla_17 -> 25 ───────────────────────────────────────────────────»
«                                                                    »
«ancilla_18 -> 26 ───────────────────────────────────────────────────»
«                                                                    »
«                                                                    »
«  ancilla_0 -> 0 ───────────────────────────────────────────────────»
«                                                                    »
«  ancilla_1 -> 1 ───────────────────────────────────────────────────»
«                                        ┌───┐            ┌────┐     »
«        a_3 -> 2 ───────────────────────┤ X ├────────────┤ √X ├─────»
«                     ┌────────┐         └─┬─┘            ├───┬┘     »
«        q_3 -> 3 ────┤ Rz(3π) ├───────────■──────────────┤ X ├──────»
«                     └────────┘                          └─┬─┘      »
«  ancilla_2 -> 4 ──────────────────────────────────────────┼────────»
«                       ┌────┐         ┌────────┐           │        »
«        a_2 -> 5 ──────┤ √X ├─────────┤ Rz(3π) ├───────────■────────»
«                       └────┘         └────────┘                    »
«  ancilla_3 -> 6 ───────────────────────────────────────────────────»
«                                                                    »
«  ancilla_4 -> 7 ───────────────────────────────────────────────────»
«                 ┌───────────────┐      ┌────┐         ┌────────┐   »
«        q_2 -> 8 ┤ Rz(θ[12] + π) ├──────┤ √X ├─────────┤ Rz(3π) ├───»
«                 └───────────────┘      └────┘         └────────┘   »
«  ancilla_5 -> 9 ───────────────────────────────────────────────────»
«                                                                    »
« ancilla_6 -> 10 ───────────────────────────────────────────────────»
«                       ┌────┐     ┌───────────────┐      ┌────┐     »
«       a_1 -> 11 ──────┤ √X ├─────┤ Rz(θ[11] + π) ├──────┤ √X ├─────»
«                       └────┘     └───────────────┘      ├────┤     »
«       q_0 -> 12 ─────────────────────────■──────────────┤ √X ├─────»
«                                        ┌─┴─┐            ├────┤     »
«       a_0 -> 13 ────────■──────────────┤ X ├────────────┤ √X ├─────»
«                       ┌─┴─┐            ├───┴┐     ┌─────┴────┴────┐»
«       q_1 -> 14 ──────┤ X ├────────────┤ √X ├─────┤ Rz(θ[10] + π) ├»
«                       └───┘            └────┘     └───────────────┘»
« ancilla_7 -> 15 ───────────────────────────────────────────────────»
«                                                                    »
« ancilla_8 -> 16 ───────────────────────────────────────────────────»
«                                                                    »
« ancilla_9 -> 17 ───────────────────────────────────────────────────»
«                                                                    »
«ancilla_10 -> 18 ───────────────────────────────────────────────────»
«                                                                    »
«ancilla_11 -> 19 ───────────────────────────────────────────────────»
«                                                                    »
«ancilla_12 -> 20 ───────────────────────────────────────────────────»
«                                                                    »
«ancilla_13 -> 21 ───────────────────────────────────────────────────»
«                                                                    »
«ancilla_14 -> 22 ───────────────────────────────────────────────────»
«                                                                    »
«ancilla_15 -> 23 ───────────────────────────────────────────────────»
«                                                                    »
«ancilla_16 -> 24 ───────────────────────────────────────────────────»
«                                                                    »
«ancilla_17 -> 25 ───────────────────────────────────────────────────»
«                                                                    »
«ancilla_18 -> 26 ───────────────────────────────────────────────────»
«                                                                    »
«                                                                    »
«  ancilla_0 -> 0 ───────────────────────────────────────────────────»
«                                                                    »
«  ancilla_1 -> 1 ───────────────────────────────────────────────────»
«                 ┌───────────────┐      ┌────┐         ┌────────┐   »
«        a_3 -> 2 ┤ Rz(θ[23] + π) ├──────┤ √X ├─────────┤ Rz(3π) ├───»
«                 └─────┬────┬────┘┌─────┴────┴────┐   ┌┴────────┴┐  »
«        q_3 -> 3 ──────┤ √X ├─────┤ Rz(θ[22] + π) ├───┤ Rz(-π/2) ├──»
«                       └────┘     └───────────────┘   └──────────┘  »
«  ancilla_2 -> 4 ───────────────────────────────────────────────────»
«                       ┌───┐            ┌────┐     ┌───────────────┐»
«        a_2 -> 5 ──────┤ X ├────────────┤ √X ├─────┤ Rz(θ[21] + π) ├»
«                       └─┬─┘            └────┘     └───────────────┘»
«  ancilla_3 -> 6 ────────┼──────────────────────────────────────────»
«                         │                                          »
«  ancilla_4 -> 7 ────────┼──────────────────────────────────────────»
«                         │              ┌───┐            ┌────┐     »
«        q_2 -> 8 ────────■──────────────┤ X ├────────────┤ √X ├─────»
«                                        └─┬─┘            └────┘     »
«  ancilla_5 -> 9 ─────────────────────────┼─────────────────────────»
«                                          │                         »
« ancilla_6 -> 10 ─────────────────────────┼─────────────────────────»
«                     ┌────────┐           │                         »
«       a_1 -> 11 ────┤ Rz(3π) ├───────────■─────────────────────────»
«                  ┌──┴────────┴──┐      ┌────┐         ┌────────┐   »
«       q_0 -> 12 ─┤ Rz(θ[8] + π) ├──────┤ √X ├─────────┤ Rz(3π) ├───»
«                  ├──────────────┤      ├────┤         ├────────┤   »
«       a_0 -> 13 ─┤ Rz(θ[9] + π) ├──────┤ √X ├─────────┤ Rz(3π) ├───»
«                  └────┬────┬────┘    ┌─┴────┴─┐       └────────┘   »
«       q_1 -> 14 ──────┤ √X ├─────────┤ Rz(3π) ├────────────────────»
«                       └────┘         └────────┘                    »
« ancilla_7 -> 15 ───────────────────────────────────────────────────»
«                                                                    »
« ancilla_8 -> 16 ───────────────────────────────────────────────────»
«                                                                    »
« ancilla_9 -> 17 ───────────────────────────────────────────────────»
«                                                                    »
«ancilla_10 -> 18 ───────────────────────────────────────────────────»
«                                                                    »
«ancilla_11 -> 19 ───────────────────────────────────────────────────»
«                                                                    »
«ancilla_12 -> 20 ───────────────────────────────────────────────────»
«                                                                    »
«ancilla_13 -> 21 ───────────────────────────────────────────────────»
«                                                                    »
«ancilla_14 -> 22 ───────────────────────────────────────────────────»
«                                                                    »
«ancilla_15 -> 23 ───────────────────────────────────────────────────»
«                                                                    »
«ancilla_16 -> 24 ───────────────────────────────────────────────────»
«                                                                    »
«ancilla_17 -> 25 ───────────────────────────────────────────────────»
«                                                                    »
«ancilla_18 -> 26 ───────────────────────────────────────────────────»
«                                                                    »
«                                                               »
«  ancilla_0 -> 0 ──────────────────────────────────────────────»
«                                                               »
«  ancilla_1 -> 1 ──────────────────────────────────────────────»
«                                     ┌───┐                     »
«        a_3 -> 2 ────────────────────┤ X ├─────────────────────»
«                       ┌────┐        └─┬─┘                     »
«        q_3 -> 3 ──────┤ √X ├──────────■───────────────────────»
«                       └────┘                                  »
«  ancilla_2 -> 4 ──────────────────────────────────────────────»
«                       ┌────┐      ┌────────┐                  »
«        a_2 -> 5 ──────┤ √X ├──────┤ Rz(3π) ├──────────────────»
«                       └────┘      └────────┘                  »
«  ancilla_3 -> 6 ──────────────────────────────────────────────»
«                                                               »
«  ancilla_4 -> 7 ──────────────────────────────────────────────»
«                 ┌───────────────┐┌──────────┐      ┌────┐     »
«        q_2 -> 8 ┤ Rz(θ[20] + π) ├┤ Rz(-π/2) ├──────┤ √X ├─────»
«                 └───────────────┘└──────────┘      └────┘     »
«  ancilla_5 -> 9 ──────────────────────────────────────────────»
«                                                               »
« ancilla_6 -> 10 ──────────────────────────────────────────────»
«                       ┌───┐         ┌────┐   ┌───────────────┐»
«       a_1 -> 11 ──────┤ X ├─────────┤ √X ├───┤ Rz(θ[19] + π) ├»
«                       └─┬─┘         └────┘   └───────────────┘»
«       q_0 -> 12 ────────┼────────────────────────────■────────»
«                         │                          ┌─┴─┐      »
«       a_0 -> 13 ────────┼─────────────■────────────┤ X ├──────»
«                         │           ┌─┴─┐          ├───┴┐     »
«       q_1 -> 14 ────────■───────────┤ X ├──────────┤ √X ├─────»
«                                     └───┘          └────┘     »
« ancilla_7 -> 15 ──────────────────────────────────────────────»
«                                                               »
« ancilla_8 -> 16 ──────────────────────────────────────────────»
«                                                               »
« ancilla_9 -> 17 ──────────────────────────────────────────────»
«                                                               »
«ancilla_10 -> 18 ──────────────────────────────────────────────»
«                                                               »
«ancilla_11 -> 19 ──────────────────────────────────────────────»
«                                                               »
«ancilla_12 -> 20 ──────────────────────────────────────────────»
«                                                               »
«ancilla_13 -> 21 ──────────────────────────────────────────────»
«                                                               »
«ancilla_14 -> 22 ──────────────────────────────────────────────»
«                                                               »
«ancilla_15 -> 23 ──────────────────────────────────────────────»
«                                                               »
«ancilla_16 -> 24 ──────────────────────────────────────────────»
«                                                               »
«ancilla_17 -> 25 ──────────────────────────────────────────────»
«                                                               »
«ancilla_18 -> 26 ──────────────────────────────────────────────»
«                                                               »
«                                                                              »
«  ancilla_0 -> 0 ─────────────────────────────────────────────────────────────»
«                                                                              »
«  ancilla_1 -> 1 ─────────────────────────────────────────────────────────────»
«                                                                              »
«        a_3 -> 2 ─────────────────────────────────────────────────────────────»
«                                                                              »
«        q_3 -> 3 ─────────────────────────────────────────────────────────────»
«                                                                              »
«  ancilla_2 -> 4 ─────────────────────────────────────────────────────────────»
«                       ┌───┐                                                  »
«        a_2 -> 5 ──────┤ X ├──────────────────────────────────────────────────»
«                       └─┬─┘                                                  »
«  ancilla_3 -> 6 ────────┼────────────────────────────────────────────────────»
«                         │                                                    »
«  ancilla_4 -> 7 ────────┼────────────────────────────────────────────────────»
«                         │                                                    »
«        q_2 -> 8 ────────■────────────────────────────────────────────────────»
«                                                                              »
«  ancilla_5 -> 9 ─────────────────────────────────────────────────────────────»
«                                                                              »
« ancilla_6 -> 10 ─────────────────────────────────────────────────────────────»
«                       ┌────┐         ┌────────┐                         ┌───┐»
«       a_1 -> 11 ──────┤ √X ├─────────┤ Rz(3π) ├─────────────────────────┤ X ├»
«                       ├────┤     ┌───┴────────┴──┐┌──────────┐  ┌────┐  └─┬─┘»
«       q_0 -> 12 ──────┤ √X ├─────┤ Rz(θ[16] + π) ├┤ Rz(-π/2) ├──┤ √X ├────┼──»
«                       ├────┤     ├───────────────┤└──┬────┬──┘┌─┴────┴─┐  │  »
«       a_0 -> 13 ──────┤ √X ├─────┤ Rz(θ[17] + π) ├───┤ √X ├───┤ Rz(3π) ├──┼──»
«                 ┌─────┴────┴────┐└──┬──────────┬─┘   ├────┤   └────────┘  │  »
«       q_1 -> 14 ┤ Rz(θ[18] + π) ├───┤ Rz(-π/2) ├─────┤ √X ├───────────────■──»
«                 └───────────────┘   └──────────┘     └────┘                  »
« ancilla_7 -> 15 ─────────────────────────────────────────────────────────────»
«                                                                              »
« ancilla_8 -> 16 ─────────────────────────────────────────────────────────────»
«                                                                              »
« ancilla_9 -> 17 ─────────────────────────────────────────────────────────────»
«                                                                              »
«ancilla_10 -> 18 ─────────────────────────────────────────────────────────────»
«                                                                              »
«ancilla_11 -> 19 ─────────────────────────────────────────────────────────────»
«                                                                              »
«ancilla_12 -> 20 ─────────────────────────────────────────────────────────────»
«                                                                              »
«ancilla_13 -> 21 ─────────────────────────────────────────────────────────────»
«                                                                              »
«ancilla_14 -> 22 ─────────────────────────────────────────────────────────────»
«                                                                              »
«ancilla_15 -> 23 ─────────────────────────────────────────────────────────────»
«                                                                              »
«ancilla_16 -> 24 ─────────────────────────────────────────────────────────────»
«                                                                              »
«ancilla_17 -> 25 ─────────────────────────────────────────────────────────────»
«                                                                              »
«ancilla_18 -> 26 ─────────────────────────────────────────────────────────────»
«                                                                              »
«                      
«  ancilla_0 -> 0 ─────
«                      
«  ancilla_1 -> 1 ─────
«                      
«        a_3 -> 2 ─────
«                      
«        q_3 -> 3 ─────
«                      
«  ancilla_2 -> 4 ─────
«                      
«        a_2 -> 5 ─────
«                      
«  ancilla_3 -> 6 ─────
«                      
«  ancilla_4 -> 7 ─────
«                      
«        q_2 -> 8 ─────
«                      
«  ancilla_5 -> 9 ─────
«                      
« ancilla_6 -> 10 ─────
«                      
«       a_1 -> 11 ─────
«                      
«       q_0 -> 12 ──■──
«                 ┌─┴─┐
«       a_0 -> 13 ┤ X ├
«                 └───┘
«       q_1 -> 14 ─────
«                      
« ancilla_7 -> 15 ─────
«                      
« ancilla_8 -> 16 ─────
«                      
« ancilla_9 -> 17 ─────
«                      
«ancilla_10 -> 18 ─────
«                      
«ancilla_11 -> 19 ─────
«                      
«ancilla_12 -> 20 ─────
«                      
«ancilla_13 -> 21 ─────
«                      
«ancilla_14 -> 22 ─────
«                      
«ancilla_15 -> 23 ─────
«                      
«ancilla_16 -> 24 ─────
«                      
«ancilla_17 -> 25 ─────
«                      
«ancilla_18 -> 26 ─────
«                      