Loading Service
global phase: 2π
                                                                       »
  ancilla_0 -> 0 ──────────────────────────────────────────────────────»
                 ┌─────────┐┌────┐┌──────────────┐┌────┐┌────────┐     »
        q_1 -> 1 ┤ Rz(0.0) ├┤ √X ├┤ Rz(θ[2] + π) ├┤ √X ├┤ Rz(3π) ├─────»
                 ├─────────┤├────┤├──────────────┤├────┤├────────┤     »
        a_1 -> 2 ┤ Rz(0.0) ├┤ √X ├┤ Rz(θ[3] + π) ├┤ √X ├┤ Rz(3π) ├─────»
                 ├─────────┤├────┤├──────────────┤├────┤├────────┤     »
        q_2 -> 3 ┤ Rz(0.0) ├┤ √X ├┤ Rz(θ[4] + π) ├┤ √X ├┤ Rz(3π) ├─────»
                 ├─────────┤├────┤├──────────────┤├────┤├────────┤     »
        a_0 -> 4 ┤ Rz(0.0) ├┤ √X ├┤ Rz(θ[1] + π) ├┤ √X ├┤ Rz(3π) ├─────»
                 ├─────────┤├────┤├──────────────┤├────┤├────────┤     »
        a_2 -> 5 ┤ Rz(0.0) ├┤ √X ├┤ Rz(θ[5] + π) ├┤ √X ├┤ Rz(3π) ├─────»
                 └─────────┘└────┘└──────────────┘└────┘└────────┘     »
  ancilla_1 -> 6 ──────────────────────────────────────────────────────»
                 ┌─────────┐┌────┐┌──────────────┐┌────┐┌────────┐     »
        q_0 -> 7 ┤ Rz(0.0) ├┤ √X ├┤ Rz(θ[0] + π) ├┤ √X ├┤ Rz(3π) ├─────»
                 ├─────────┤├────┤├──────────────┤├────┤├────────┤     »
        q_3 -> 8 ┤ Rz(0.0) ├┤ √X ├┤ Rz(θ[6] + π) ├┤ √X ├┤ Rz(3π) ├──■──»
                 ├─────────┤├────┤├──────────────┤├────┤├────────┤┌─┴─┐»
        a_3 -> 9 ┤ Rz(0.0) ├┤ √X ├┤ Rz(θ[7] + π) ├┤ √X ├┤ Rz(3π) ├┤ X ├»
                 └─────────┘└────┘└──────────────┘└────┘└────────┘└───┘»
 ancilla_2 -> 10 ──────────────────────────────────────────────────────»
                                                                       »
 ancilla_3 -> 11 ──────────────────────────────────────────────────────»
                                                                       »
 ancilla_4 -> 12 ──────────────────────────────────────────────────────»
                                                                       »
 ancilla_5 -> 13 ──────────────────────────────────────────────────────»
                                                                       »
 ancilla_6 -> 14 ──────────────────────────────────────────────────────»
                                                                       »
 ancilla_7 -> 15 ──────────────────────────────────────────────────────»
                                                                       »
 ancilla_8 -> 16 ──────────────────────────────────────────────────────»
                                                                       »
 ancilla_9 -> 17 ──────────────────────────────────────────────────────»
                                                                       »
ancilla_10 -> 18 ──────────────────────────────────────────────────────»
                                                                       »
ancilla_11 -> 19 ──────────────────────────────────────────────────────»
                                                                       »
ancilla_12 -> 20 ──────────────────────────────────────────────────────»
                                                                       »
ancilla_13 -> 21 ──────────────────────────────────────────────────────»
                                                                       »
ancilla_14 -> 22 ──────────────────────────────────────────────────────»
                                                                       »
ancilla_15 -> 23 ──────────────────────────────────────────────────────»
                                                                       »
ancilla_16 -> 24 ──────────────────────────────────────────────────────»
                                                                       »
ancilla_17 -> 25 ──────────────────────────────────────────────────────»
                                                                       »
ancilla_18 -> 26 ──────────────────────────────────────────────────────»
                                                                       »
«                                                                         »
«  ancilla_0 -> 0 ────────────────────────────────────────────────────────»
«                                                                         »
«        q_1 -> 1 ───────────────────────────────────────────────■────────»
«                                                              ┌─┴─┐      »
«        a_1 -> 2 ──────────────────────────────■──────────────┤ X ├──────»
«                                             ┌─┴─┐         ┌──┴───┴──┐   »
«        q_2 -> 3 ────────────────■───────────┤ X ├─────────┤ Rz(0.0) ├───»
«                                 │           └───┘         └─────────┘   »
«        a_0 -> 4 ────────────────┼───────────────────────────────────────»
«                               ┌─┴─┐      ┌─────────┐         ┌────┐     »
«        a_2 -> 5 ─────■────────┤ X ├──────┤ Rz(0.0) ├─────────┤ √X ├─────»
«                      │        └───┘      └─────────┘         └────┘     »
«  ancilla_1 -> 6 ─────┼──────────────────────────────────────────────────»
«                      │                                                  »
«        q_0 -> 7 ─────┼──────────────────────────────────────────────────»
«                    ┌─┴─┐   ┌─────────┐      ┌────┐     ┌───────────────┐»
«        q_3 -> 8 ───┤ X ├───┤ Rz(0.0) ├──────┤ √X ├─────┤ Rz(θ[14] + π) ├»
«                 ┌──┴───┴──┐└──┬────┬─┘┌─────┴────┴────┐└─────┬────┬────┘»
«        a_3 -> 9 ┤ Rz(0.0) ├───┤ √X ├──┤ Rz(θ[15] + π) ├──────┤ √X ├─────»
«                 └─────────┘   └────┘  └───────────────┘      └────┘     »
« ancilla_2 -> 10 ────────────────────────────────────────────────────────»
«                                                                         »
« ancilla_3 -> 11 ────────────────────────────────────────────────────────»
«                                                                         »
« ancilla_4 -> 12 ────────────────────────────────────────────────────────»
«                                                                         »
« ancilla_5 -> 13 ────────────────────────────────────────────────────────»
«                                                                         »
« ancilla_6 -> 14 ────────────────────────────────────────────────────────»
«                                                                         »
« ancilla_7 -> 15 ────────────────────────────────────────────────────────»
«                                                                         »
« ancilla_8 -> 16 ────────────────────────────────────────────────────────»
«                                                                         »
« ancilla_9 -> 17 ────────────────────────────────────────────────────────»
«                                                                         »
«ancilla_10 -> 18 ────────────────────────────────────────────────────────»
«                                                                         »
«ancilla_11 -> 19 ────────────────────────────────────────────────────────»
«                                                                         »
«ancilla_12 -> 20 ────────────────────────────────────────────────────────»
«                                                                         »
«ancilla_13 -> 21 ────────────────────────────────────────────────────────»
«                                                                         »
«ancilla_14 -> 22 ────────────────────────────────────────────────────────»
«                                                                         »
«ancilla_15 -> 23 ────────────────────────────────────────────────────────»
«                                                                         »
«ancilla_16 -> 24 ────────────────────────────────────────────────────────»
«                                                                         »
«ancilla_17 -> 25 ────────────────────────────────────────────────────────»
«                                                                         »
«ancilla_18 -> 26 ────────────────────────────────────────────────────────»
«                                                                         »
«                                                                              »
«  ancilla_0 -> 0 ─────────────────────────────────────────────────────────────»
«                                    ┌───┐      ┌─────────┐         ┌────┐     »
«        q_1 -> 1 ───────────────────┤ X ├──────┤ Rz(0.0) ├─────────┤ √X ├─────»
«                    ┌─────────┐     └─┬─┘      └──┬────┬─┘   ┌─────┴────┴────┐»
«        a_1 -> 2 ───┤ Rz(0.0) ├───────┼───────────┤ √X ├─────┤ Rz(θ[11] + π) ├»
«                    └──┬────┬─┘       │     ┌─────┴────┴────┐└─────┬────┬────┘»
«        q_2 -> 3 ──────┤ √X ├─────────┼─────┤ Rz(θ[12] + π) ├──────┤ √X ├─────»
«                       └────┘         │     └─────┬───┬─────┘   ┌──┴────┴─┐   »
«        a_0 -> 4 ─────────────────────■───────────┤ X ├─────────┤ Rz(0.0) ├───»
«                 ┌───────────────┐  ┌────┐        └─┬─┘         └┬────────┤   »
«        a_2 -> 5 ┤ Rz(θ[13] + π) ├──┤ √X ├──────────┼────────────┤ Rz(3π) ├───»
«                 └───────────────┘  └────┘          │            └────────┘   »
«  ancilla_1 -> 6 ───────────────────────────────────┼─────────────────────────»
«                                                    │           ┌─────────┐   »
«        q_0 -> 7 ───────────────────────────────────■───────────┤ Rz(0.0) ├───»
«                       ┌────┐     ┌────────┐                    └─────────┘   »
«        q_3 -> 8 ──────┤ √X ├─────┤ Rz(3π) ├────────■─────────────────────────»
«                     ┌─┴────┴─┐   └────────┘      ┌─┴─┐         ┌─────────┐   »
«        a_3 -> 9 ────┤ Rz(3π) ├───────────────────┤ X ├─────────┤ Rz(0.0) ├───»
«                     └────────┘                   └───┘         └─────────┘   »
« ancilla_2 -> 10 ─────────────────────────────────────────────────────────────»
«                                                                              »
« ancilla_3 -> 11 ─────────────────────────────────────────────────────────────»
«                                                                              »
« ancilla_4 -> 12 ─────────────────────────────────────────────────────────────»
«                                                                              »
« ancilla_5 -> 13 ─────────────────────────────────────────────────────────────»
«                                                                              »
« ancilla_6 -> 14 ─────────────────────────────────────────────────────────────»
«                                                                              »
« ancilla_7 -> 15 ─────────────────────────────────────────────────────────────»
«                                                                              »
« ancilla_8 -> 16 ─────────────────────────────────────────────────────────────»
«                                                                              »
« ancilla_9 -> 17 ─────────────────────────────────────────────────────────────»
«                                                                              »
«ancilla_10 -> 18 ─────────────────────────────────────────────────────────────»
«                                                                              »
«ancilla_11 -> 19 ─────────────────────────────────────────────────────────────»
«                                                                              »
«ancilla_12 -> 20 ─────────────────────────────────────────────────────────────»
«                                                                              »
«ancilla_13 -> 21 ─────────────────────────────────────────────────────────────»
«                                                                              »
«ancilla_14 -> 22 ─────────────────────────────────────────────────────────────»
«                                                                              »
«ancilla_15 -> 23 ─────────────────────────────────────────────────────────────»
«                                                                              »
«ancilla_16 -> 24 ─────────────────────────────────────────────────────────────»
«                                                                              »
«ancilla_17 -> 25 ─────────────────────────────────────────────────────────────»
«                                                                              »
«ancilla_18 -> 26 ─────────────────────────────────────────────────────────────»
«                                                                              »
«                                                                              »
«  ancilla_0 -> 0 ─────────────────────────────────────────────────────────────»
«                 ┌───────────────┐      ┌────┐        ┌────────┐              »
«        q_1 -> 1 ┤ Rz(θ[10] + π) ├──────┤ √X ├────────┤ Rz(3π) ├──────────────»
«                 └─────┬────┬────┘    ┌─┴────┴─┐      └────────┘              »
«        a_1 -> 2 ──────┤ √X ├─────────┤ Rz(3π) ├────────────────────────■─────»
«                     ┌─┴────┴─┐       └────────┘                      ┌─┴─┐   »
«        q_2 -> 3 ────┤ Rz(3π) ├───────────────────────────■───────────┤ X ├───»
«                     └─┬────┬─┘    ┌──────────────┐       │           ├───┴┐  »
«        a_0 -> 4 ──────┤ √X ├──────┤ Rz(θ[9] + π) ├───────┼───────────┤ √X ├──»
«                       └────┘      └──────────────┘     ┌─┴─┐      ┌──┴────┴─┐»
«        a_2 -> 5 ─────────────────────────■─────────────┤ X ├──────┤ Rz(0.0) ├»
«                                          │             └───┘      └─────────┘»
«  ancilla_1 -> 6 ─────────────────────────┼───────────────────────────────────»
«                       ┌────┐             │        ┌──────────────┐   ┌────┐  »
«        q_0 -> 7 ──────┤ √X ├─────────────┼────────┤ Rz(θ[8] + π) ├───┤ √X ├──»
«                       └────┘           ┌─┴─┐      └─┬─────────┬──┘   ├────┤  »
«        q_3 -> 8 ───────────────────────┤ X ├────────┤ Rz(0.0) ├──────┤ √X ├──»
«                       ┌────┐     ┌─────┴───┴─────┐  └──┬────┬─┘    ┌─┴────┴─┐»
«        a_3 -> 9 ──────┤ √X ├─────┤ Rz(θ[23] + π) ├─────┤ √X ├──────┤ Rz(3π) ├»
«                       └────┘     └───────────────┘     └────┘      └────────┘»
« ancilla_2 -> 10 ─────────────────────────────────────────────────────────────»
«                                                                              »
« ancilla_3 -> 11 ─────────────────────────────────────────────────────────────»
«                                                                              »
« ancilla_4 -> 12 ─────────────────────────────────────────────────────────────»
«                                                                              »
« ancilla_5 -> 13 ─────────────────────────────────────────────────────────────»
«                                                                              »
« ancilla_6 -> 14 ─────────────────────────────────────────────────────────────»
«                                                                              »
« ancilla_7 -> 15 ─────────────────────────────────────────────────────────────»
«                                                                              »
« ancilla_8 -> 16 ─────────────────────────────────────────────────────────────»
«                                                                              »
« ancilla_9 -> 17 ─────────────────────────────────────────────────────────────»
«                                                                              »
«ancilla_10 -> 18 ─────────────────────────────────────────────────────────────»
«                                                                              »
«ancilla_11 -> 19 ─────────────────────────────────────────────────────────────»
«                                                                              »
«ancilla_12 -> 20 ─────────────────────────────────────────────────────────────»
«                                                                              »
«ancilla_13 -> 21 ─────────────────────────────────────────────────────────────»
«                                                                              »
«ancilla_14 -> 22 ─────────────────────────────────────────────────────────────»
«                                                                              »
«ancilla_15 -> 23 ─────────────────────────────────────────────────────────────»
«                                                                              »
«ancilla_16 -> 24 ─────────────────────────────────────────────────────────────»
«                                                                              »
«ancilla_17 -> 25 ─────────────────────────────────────────────────────────────»
«                                                                              »
«ancilla_18 -> 26 ─────────────────────────────────────────────────────────────»
«                                                                              »
«                                                                          »
«  ancilla_0 -> 0 ─────────────────────────────────────────────────────────»
«                                                   ┌───┐    ┌─────────┐   »
«        q_1 -> 1 ────────■─────────────────────────┤ X ├────┤ Rz(0.0) ├───»
«                       ┌─┴─┐         ┌─────────┐   └─┬─┘    └──┬────┬─┘   »
«        a_1 -> 2 ──────┤ X ├─────────┤ Rz(0.0) ├─────┼─────────┤ √X ├─────»
«                    ┌──┴───┴──┐      └──┬────┬─┘     │   ┌─────┴────┴────┐»
«        q_2 -> 3 ───┤ Rz(0.0) ├─────────┤ √X ├───────┼───┤ Rz(θ[20] + π) ├»
«                    └┬────────┤         └────┘       │   └─────┬───┬─────┘»
«        a_0 -> 4 ────┤ Rz(3π) ├──────────────────────■─────────┤ X ├──────»
«                     └─┬────┬─┘   ┌───────────────┐┌────┐      └─┬─┘      »
«        a_2 -> 5 ──────┤ √X ├─────┤ Rz(θ[21] + π) ├┤ √X ├────────┼────────»
«                       └────┘     └───────────────┘└────┘        │        »
«  ancilla_1 -> 6 ────────────────────────────────────────────────┼────────»
«                     ┌────────┐                                  │        »
«        q_0 -> 7 ────┤ Rz(3π) ├──────────────────────────────────■────────»
«                 ┌───┴────────┴──┐   ┌──────────┐  ┌────┐                 »
«        q_3 -> 8 ┤ Rz(θ[22] + π) ├───┤ Rz(-π/2) ├──┤ √X ├────────■────────»
«                 └───────────────┘   └──────────┘  └────┘      ┌─┴─┐      »
«        a_3 -> 9 ──────────────────────────────────────────────┤ X ├──────»
«                                                               └───┘      »
« ancilla_2 -> 10 ─────────────────────────────────────────────────────────»
«                                                                          »
« ancilla_3 -> 11 ─────────────────────────────────────────────────────────»
«                                                                          »
« ancilla_4 -> 12 ─────────────────────────────────────────────────────────»
«                                                                          »
« ancilla_5 -> 13 ─────────────────────────────────────────────────────────»
«                                                                          »
« ancilla_6 -> 14 ─────────────────────────────────────────────────────────»
«                                                                          »
« ancilla_7 -> 15 ─────────────────────────────────────────────────────────»
«                                                                          »
« ancilla_8 -> 16 ─────────────────────────────────────────────────────────»
«                                                                          »
« ancilla_9 -> 17 ─────────────────────────────────────────────────────────»
«                                                                          »
«ancilla_10 -> 18 ─────────────────────────────────────────────────────────»
«                                                                          »
«ancilla_11 -> 19 ─────────────────────────────────────────────────────────»
«                                                                          »
«ancilla_12 -> 20 ─────────────────────────────────────────────────────────»
«                                                                          »
«ancilla_13 -> 21 ─────────────────────────────────────────────────────────»
«                                                                          »
«ancilla_14 -> 22 ─────────────────────────────────────────────────────────»
«                                                                          »
«ancilla_15 -> 23 ─────────────────────────────────────────────────────────»
«                                                                          »
«ancilla_16 -> 24 ─────────────────────────────────────────────────────────»
«                                                                          »
«ancilla_17 -> 25 ─────────────────────────────────────────────────────────»
«                                                                          »
«ancilla_18 -> 26 ─────────────────────────────────────────────────────────»
«                                                                          »
«                                                                    »
«  ancilla_0 -> 0 ───────────────────────────────────────────────────»
«                       ┌────┐     ┌───────────────┐   ┌──────────┐  »
«        q_1 -> 1 ──────┤ √X ├─────┤ Rz(θ[18] + π) ├───┤ Rz(-π/2) ├──»
«                 ┌─────┴────┴────┐└─────┬────┬────┘   └┬────────┬┘  »
«        a_1 -> 2 ┤ Rz(θ[19] + π) ├──────┤ √X ├─────────┤ Rz(3π) ├───»
«                 └──┬──────────┬─┘      ├────┤         └────────┘   »
«        q_2 -> 3 ───┤ Rz(-π/2) ├────────┤ √X ├─────────────■────────»
«                    ├─────────┬┘        ├────┤             │        »
«        a_0 -> 4 ───┤ Rz(0.0) ├─────────┤ √X ├─────────────┼────────»
«                    └┬────────┤         └────┘           ┌─┴─┐      »
«        a_2 -> 5 ────┤ Rz(3π) ├──────────────────────────┤ X ├──────»
«                     └────────┘                          └───┘      »
«  ancilla_1 -> 6 ───────────────────────────────────────────────────»
«                    ┌─────────┐         ┌────┐     ┌───────────────┐»
«        q_0 -> 7 ───┤ Rz(0.0) ├─────────┤ √X ├─────┤ Rz(θ[16] + π) ├»
«                    └─────────┘         └────┘     └───────────────┘»
«        q_3 -> 8 ───────────────────────────────────────────────────»
«                                                                    »
«        a_3 -> 9 ───────────────────────────────────────────────────»
«                                                                    »
« ancilla_2 -> 10 ───────────────────────────────────────────────────»
«                                                                    »
« ancilla_3 -> 11 ───────────────────────────────────────────────────»
«                                                                    »
« ancilla_4 -> 12 ───────────────────────────────────────────────────»
«                                                                    »
« ancilla_5 -> 13 ───────────────────────────────────────────────────»
«                                                                    »
« ancilla_6 -> 14 ───────────────────────────────────────────────────»
«                                                                    »
« ancilla_7 -> 15 ───────────────────────────────────────────────────»
«                                                                    »
« ancilla_8 -> 16 ───────────────────────────────────────────────────»
«                                                                    »
« ancilla_9 -> 17 ───────────────────────────────────────────────────»
«                                                                    »
«ancilla_10 -> 18 ───────────────────────────────────────────────────»
«                                                                    »
«ancilla_11 -> 19 ───────────────────────────────────────────────────»
«                                                                    »
«ancilla_12 -> 20 ───────────────────────────────────────────────────»
«                                                                    »
«ancilla_13 -> 21 ───────────────────────────────────────────────────»
«                                                                    »
«ancilla_14 -> 22 ───────────────────────────────────────────────────»
«                                                                    »
«ancilla_15 -> 23 ───────────────────────────────────────────────────»
«                                                                    »
«ancilla_16 -> 24 ───────────────────────────────────────────────────»
«                                                                    »
«ancilla_17 -> 25 ───────────────────────────────────────────────────»
«                                                                    »
«ancilla_18 -> 26 ───────────────────────────────────────────────────»
«                                                                    »
«                                                       
«  ancilla_0 -> 0 ──────────────────────────────────────
«                       ┌────┐                          
«        q_1 -> 1 ──────┤ √X ├───────■──────────────────
«                       └────┘     ┌─┴─┐                
«        a_1 -> 2 ─────────────────┤ X ├────────────────
«                                  └───┘                
«        q_2 -> 3 ──────────────────────────────────────
«                 ┌───────────────┐┌────┐┌────────┐┌───┐
«        a_0 -> 4 ┤ Rz(θ[17] + π) ├┤ √X ├┤ Rz(3π) ├┤ X ├
«                 └───────────────┘└────┘└────────┘└─┬─┘
«        a_2 -> 5 ───────────────────────────────────┼──
«                                                    │  
«  ancilla_1 -> 6 ───────────────────────────────────┼──
«                    ┌──────────┐  ┌────┐            │  
«        q_0 -> 7 ───┤ Rz(-π/2) ├──┤ √X ├────────────■──
«                    └──────────┘  └────┘               
«        q_3 -> 8 ──────────────────────────────────────
«                                                       
«        a_3 -> 9 ──────────────────────────────────────
«                                                       
« ancilla_2 -> 10 ──────────────────────────────────────
«                                                       
« ancilla_3 -> 11 ──────────────────────────────────────
«                                                       
« ancilla_4 -> 12 ──────────────────────────────────────
«                                                       
« ancilla_5 -> 13 ──────────────────────────────────────
«                                                       
« ancilla_6 -> 14 ──────────────────────────────────────
«                                                       
« ancilla_7 -> 15 ──────────────────────────────────────
«                                                       
« ancilla_8 -> 16 ──────────────────────────────────────
«                                                       
« ancilla_9 -> 17 ──────────────────────────────────────
«                                                       
«ancilla_10 -> 18 ──────────────────────────────────────
«                                                       
«ancilla_11 -> 19 ──────────────────────────────────────
«                                                       
«ancilla_12 -> 20 ──────────────────────────────────────
«                                                       
«ancilla_13 -> 21 ──────────────────────────────────────
«                                                       
«ancilla_14 -> 22 ──────────────────────────────────────
«                                                       
«ancilla_15 -> 23 ──────────────────────────────────────
«                                                       
«ancilla_16 -> 24 ──────────────────────────────────────
«                                                       
«ancilla_17 -> 25 ──────────────────────────────────────
«                                                       
«ancilla_18 -> 26 ──────────────────────────────────────
«                                                       